<?xml version="1.0" encoding="UTF-8"?>
<!-- Generated by org.testng.reporters.JUnitXMLReporter -->
<testsuite ignored="0" hostname="ATMECSINDT-080" failures="0" tests="4" name="Default test" time="22.164" errors="0" timestamp="16 Oct 2019 15:50:30 GMT">
  <testcase classname="com.org.konakart.testbase.InvokeBrowser" name="setup" time="16.58"/>
  <testcase classname="com.org.konakart.testscripts.HeroImagePage" name="clickOnHeroImage" time="4.96"/>
  <testcase classname="com.org.konakart.testscripts.HeroImagePage" name="validatetabsOfHeroImage" time="0.441"/>
  <testcase classname="com.org.konakart.testscripts.HeroImagePage" name="sortByActions" time="0.147"/>
</testsuite> <!-- Default test -->
