<?xml version="1.0" encoding="UTF-8"?>
<!-- Generated by org.testng.reporters.JUnitXMLReporter -->
<testsuite ignored="0" hostname="ATMECSINDT-080" failures="0" tests="9" name="Test" time="36.665" errors="0" timestamp="10 Oct 2019 12:55:57 GMT">
  <testcase classname="com.org.atmecs.testbase.InvokeBrowser" name="setup" time="22.705"/>
  <testcase classname="com.atmecs.testscripts.scenario2.InsightBlogs" name="ClickOnInsights" time="0.25"/>
  <testcase classname="com.atmecs.testscripts.scenario2.InsightBlogs" name="ClickOnBlogs" time="4.193"/>
  <testcase classname="com.atmecs.testscripts.scenario2.InsightBlogs" name="ClickBlogImageLink" time="9.007"/>
  <testcase classname="com.atmecs.testscripts.scenario2.InsightBlogs" name="ValidateBreadcrumb" time="0.075"/>
  <testcase classname="com.atmecs.testscripts.scenario2.InsightBlogs" name="ValidateDate" time="0.032"/>
  <testcase classname="com.atmecs.testscripts.scenario2.InsightBlogs" name="ValidateContent" time="0.034"/>
  <testcase classname="com.atmecs.testscripts.scenario2.InsightBlogs" name="CLickOnPostComment" time="0.238"/>
  <testcase classname="com.atmecs.testscripts.scenario2.InsightBlogs" name="ValidateErrorMessage" time="0.075"/>
</testsuite> <!-- Test -->
